[0m13:14:08.845143 [debug] [MainThread]: Sending event: {'category': 'dbt', 'action': 'invocation', 'label': 'start', 'context': [<snowplow_tracker.self_describing_json.SelfDescribingJson object at 0x0000023A44477590>, <snowplow_tracker.self_describing_json.SelfDescribingJson object at 0x0000023A44473610>, <snowplow_tracker.self_describing_json.SelfDescribingJson object at 0x0000023A444A1610>]}


============================== 13:14:08.894261 | 48cffb19-d34d-47d1-8a38-21ee711d8c13 ==============================
[0m13:14:08.894261 [info ] [MainThread]: Running with dbt=1.11.7
[0m13:14:08.897287 [debug] [MainThread]: running dbt with arguments {'static_parser': 'True', 'no_print': 'None', 'version_check': 'True', 'warn_error_options': 'WarnErrorOptionsV2(error=[], warn=[], silence=[])', 'target_path': 'None', 'printer_width': '80', 'write_json': 'True', 'empty': 'None', 'log_cache_events': 'False', 'introspect': 'True', 'cache_selected_only': 'False', 'fail_fast': 'False', 'debug': 'False', 'log_format': 'default', 'profiles_dir': 'C:\\Users\\Giovanni\\.dbt', 'send_anonymous_usage_stats': 'True', 'quiet': 'False', 'warn_error': 'None', 'partial_parse': 'True', 'use_colors': 'True', 'indirect_selection': 'eager', 'invocation_command': 'dbt init', 'use_experimental_parser': 'False', 'log_path': 'logs'}
[0m13:14:17.867423 [debug] [MainThread]: Starter project path: C:\Users\Giovanni\dbt-usercentrics\dbt-env\Lib\site-packages\dbt\include\starter_project
[0m13:14:17.969933 [info ] [MainThread]: 
Your new dbt project "dbt_project" was created!

For more information on how to configure the profiles.yml file,
please consult the dbt documentation here:

  https://docs.getdbt.com/docs/configure-your-profile

One more thing:

Need help? Don't hesitate to reach out to us via GitHub issues or on Slack:

  https://community.getdbt.com/

Happy modeling!

[0m13:14:17.980645 [info ] [MainThread]: Setting up your profile.
[0m13:16:37.175660 [info ] [MainThread]: Profile dbt_project written to C:\Users\Giovanni\.dbt\profiles.yml using target's profile_template.yml and your supplied values. Run 'dbt debug' to validate the connection.
[0m13:16:37.178972 [debug] [MainThread]: Command `dbt init` succeeded at 13:16:37.178972 after 148.51 seconds
[0m13:16:37.180858 [debug] [MainThread]: Sending event: {'category': 'dbt', 'action': 'invocation', 'label': 'end', 'context': [<snowplow_tracker.self_describing_json.SelfDescribingJson object at 0x0000023A4447D750>, <snowplow_tracker.self_describing_json.SelfDescribingJson object at 0x0000023A45895CD0>, <snowplow_tracker.self_describing_json.SelfDescribingJson object at 0x0000023A3D755510>]}
[0m13:16:37.182216 [debug] [MainThread]: Flushing usage events
[0m13:16:38.272397 [debug] [MainThread]: An error was encountered while trying to flush usage events
